/home/jj/Desktop/Github/ASV/install/asv_digital_twin/lib/python3.12/site-packages/asv_digital_twin/control_node.py
/home/jj/Desktop/Github/ASV/install/asv_digital_twin/lib/python3.12/site-packages/asv_digital_twin/environment_manager.py
/home/jj/Desktop/Github/ASV/install/asv_digital_twin/lib/python3.12/site-packages/asv_digital_twin/guide_screen.py
/home/jj/Desktop/Github/ASV/install/asv_digital_twin/lib/python3.12/site-packages/asv_digital_twin/main_app.py
/home/jj/Desktop/Github/ASV/install/asv_digital_twin/lib/python3.12/site-packages/asv_digital_twin/gui_app.py
/home/jj/Desktop/Github/ASV/install/asv_digital_twin/lib/python3.12/site-packages/asv_digital_twin/__init__.py
/home/jj/Desktop/Github/ASV/install/asv_digital_twin/lib/python3.12/site-packages/asv_digital_twin/dynamics_node.py
/home/jj/Desktop/Github/ASV/install/asv_digital_twin/lib/python3.12/site-packages/asv_digital_twin/ros_gui.py
/home/jj/Desktop/Github/ASV/install/asv_digital_twin/lib/python3.12/site-packages/asv_digital_twin/doc_screen.py
/home/jj/Desktop/Github/ASV/install/asv_digital_twin/lib/python3.12/site-packages/asv_digital_twin/start_screen.py
/home/jj/Desktop/Github/ASV/install/asv_digital_twin/lib/python3.12/site-packages/asv_digital_twin/__pycache__/control_node.cpython-312.pyc
/home/jj/Desktop/Github/ASV/install/asv_digital_twin/lib/python3.12/site-packages/asv_digital_twin/__pycache__/environment_manager.cpython-312.pyc
/home/jj/Desktop/Github/ASV/install/asv_digital_twin/lib/python3.12/site-packages/asv_digital_twin/__pycache__/guide_screen.cpython-312.pyc
/home/jj/Desktop/Github/ASV/install/asv_digital_twin/lib/python3.12/site-packages/asv_digital_twin/__pycache__/main_app.cpython-312.pyc
/home/jj/Desktop/Github/ASV/install/asv_digital_twin/lib/python3.12/site-packages/asv_digital_twin/__pycache__/gui_app.cpython-312.pyc
/home/jj/Desktop/Github/ASV/install/asv_digital_twin/lib/python3.12/site-packages/asv_digital_twin/__pycache__/__init__.cpython-312.pyc
/home/jj/Desktop/Github/ASV/install/asv_digital_twin/lib/python3.12/site-packages/asv_digital_twin/__pycache__/dynamics_node.cpython-312.pyc
/home/jj/Desktop/Github/ASV/install/asv_digital_twin/lib/python3.12/site-packages/asv_digital_twin/__pycache__/ros_gui.cpython-312.pyc
/home/jj/Desktop/Github/ASV/install/asv_digital_twin/lib/python3.12/site-packages/asv_digital_twin/__pycache__/doc_screen.cpython-312.pyc
/home/jj/Desktop/Github/ASV/install/asv_digital_twin/lib/python3.12/site-packages/asv_digital_twin/__pycache__/start_screen.cpython-312.pyc
/home/jj/Desktop/Github/ASV/install/asv_digital_twin/share/ament_index/resource_index/packages/asv_digital_twin
/home/jj/Desktop/Github/ASV/install/asv_digital_twin/share/asv_digital_twin/package.xml
/home/jj/Desktop/Github/ASV/install/asv_digital_twin/share/asv_digital_twin/launch/master.launch.py
/home/jj/Desktop/Github/ASV/install/asv_digital_twin/share/asv_digital_twin/config/bridge_config.yaml
/home/jj/Desktop/Github/ASV/install/asv_digital_twin/share/asv_digital_twin/worlds/ocean_world.sdf
/home/jj/Desktop/Github/ASV/install/asv_digital_twin/share/asv_digital_twin/worlds/sydney_regatta.sdf
/home/jj/Desktop/Github/ASV/install/asv_digital_twin/share/asv_digital_twin/models/asv_vessel/model.sdf
/home/jj/Desktop/Github/ASV/install/asv_digital_twin/share/asv_digital_twin/models/asv_vessel/vessel.png
/home/jj/Desktop/Github/ASV/install/asv_digital_twin/share/asv_digital_twin/models/asv_vessel/meshes/hull.stl
/home/jj/Desktop/Github/ASV/install/asv_digital_twin/share/asv_digital_twin/models/asv_vessel/meshes/engine.dae
/home/jj/Desktop/Github/ASV/install/asv_digital_twin/share/asv_digital_twin/models/asv_vessel/meshes/propeller.dae
/home/jj/Desktop/Github/ASV/install/asv_digital_twin/share/asv_digital_twin/models/asv_vessel/meshes/WamV.png
/home/jj/Desktop/Github/ASV/install/asv_digital_twin/share/asv_digital_twin/models/asv_vessel/WAM-V-Base/mesh/WamV.png
/home/jj/Desktop/Github/ASV/install/asv_digital_twin/share/asv_digital_twin/models/coast_waves/model.sdf
/home/jj/Desktop/Github/ASV/install/asv_digital_twin/share/asv_digital_twin/models/coast_waves/model.config
/home/jj/Desktop/Github/ASV/install/asv_digital_twin/share/asv_digital_twin/models/coast_waves/meshes/yuksekogretim-kurulu-transkript-belgesi-sorgulama.pdf
/home/jj/Desktop/Github/ASV/install/asv_digital_twin/share/asv_digital_twin/models/coast_waves/meshes/waterlow.dae
/home/jj/Desktop/Github/ASV/install/asv_digital_twin/share/asv_digital_twin/models/coast_waves/meshes/Program-Kontrol_ve_Otomasyon_Mhendislii_Lisans_Program_30_ngilizce.pdf
/home/jj/Desktop/Github/ASV/install/asv_digital_twin/share/asv_digital_twin/models/coast_waves/materials/programs/GerstnerWaves_fs_330.glsl
/home/jj/Desktop/Github/ASV/install/asv_digital_twin/share/asv_digital_twin/models/coast_waves/materials/programs/GerstnerWaves_vs_330.glsl
/home/jj/Desktop/Github/ASV/install/asv_digital_twin/share/asv_digital_twin/models/coast_waves/materials/textures/skybox_lowres.dds
/home/jj/Desktop/Github/ASV/install/asv_digital_twin/share/asv_digital_twin/models/coast_waves/materials/textures/wave_normals.dds
/home/jj/Desktop/Github/ASV/install/asv_digital_twin/lib/python3.12/site-packages/asv_digital_twin-0.0.0-py3.12.egg-info/top_level.txt
/home/jj/Desktop/Github/ASV/install/asv_digital_twin/lib/python3.12/site-packages/asv_digital_twin-0.0.0-py3.12.egg-info/zip-safe
/home/jj/Desktop/Github/ASV/install/asv_digital_twin/lib/python3.12/site-packages/asv_digital_twin-0.0.0-py3.12.egg-info/PKG-INFO
/home/jj/Desktop/Github/ASV/install/asv_digital_twin/lib/python3.12/site-packages/asv_digital_twin-0.0.0-py3.12.egg-info/entry_points.txt
/home/jj/Desktop/Github/ASV/install/asv_digital_twin/lib/python3.12/site-packages/asv_digital_twin-0.0.0-py3.12.egg-info/requires.txt
/home/jj/Desktop/Github/ASV/install/asv_digital_twin/lib/python3.12/site-packages/asv_digital_twin-0.0.0-py3.12.egg-info/dependency_links.txt
/home/jj/Desktop/Github/ASV/install/asv_digital_twin/lib/python3.12/site-packages/asv_digital_twin-0.0.0-py3.12.egg-info/SOURCES.txt
/home/jj/Desktop/Github/ASV/install/asv_digital_twin/lib/asv_digital_twin/asv_app
/home/jj/Desktop/Github/ASV/install/asv_digital_twin/lib/asv_digital_twin/control_node
/home/jj/Desktop/Github/ASV/install/asv_digital_twin/lib/asv_digital_twin/dynamics_node
/home/jj/Desktop/Github/ASV/install/asv_digital_twin/lib/asv_digital_twin/environment_manager
/home/jj/Desktop/Github/ASV/install/asv_digital_twin/lib/asv_digital_twin/gui_app
/home/jj/Desktop/Github/ASV/install/asv_digital_twin/lib/asv_digital_twin/ros_gui
